2019-11-05 16:11:57: Error
2019-11-05 16:11:57:     at Server.http.createServer (H:\nodejs\pm2-demo\app.js:8:14)
2019-11-05 16:11:57:     at emitTwo (events.js:126:13)
2019-11-05 16:11:57:     at Server.emit (events.js:214:7)
2019-11-05 16:11:57:     at Server.<anonymous> (C:\Users\liule\AppData\Roaming\npm\node_modules\pm2\node_modules\@pm2\io\build\main\metrics\httpMetrics.js:166:33)
2019-11-05 16:11:57:     at parserOnIncoming (_http_server.js:602:12)
2019-11-05 16:11:57:     at HTTPParser.parserOnHeadersComplete (_http_common.js:117:23)
2019-11-05 16:11:33: Error
2019-11-05 16:11:33:     at Server.http.createServer (H:\nodejs\pm2-demo\app.js:8:14)
2019-11-05 16:11:33:     at emitTwo (events.js:126:13)
2019-11-05 16:11:33:     at Server.emit (events.js:214:7)
2019-11-05 16:11:33:     at Server.<anonymous> (C:\Users\liule\AppData\Roaming\npm\node_modules\pm2\node_modules\@pm2\io\build\main\metrics\httpMetrics.js:166:33)
2019-11-05 16:11:33:     at parserOnIncoming (_http_server.js:602:12)
2019-11-05 16:11:33:     at HTTPParser.parserOnHeadersComplete (_http_common.js:117:23)
2019-11-05 16:11:30: Error
2019-11-05 16:11:30:     at Server.http.createServer (H:\nodejs\pm2-demo\app.js:8:14)
2019-11-05 16:11:30:     at emitTwo (events.js:126:13)
2019-11-05 16:11:30:     at Server.emit (events.js:214:7)
2019-11-05 16:11:30:     at Server.<anonymous> (C:\Users\liule\AppData\Roaming\npm\node_modules\pm2\node_modules\@pm2\io\build\main\metrics\httpMetrics.js:166:33)
2019-11-05 16:11:30:     at parserOnIncoming (_http_server.js:602:12)
2019-11-05 16:11:30:     at HTTPParser.parserOnHeadersComplete (_http_common.js:117:23)
2019-11-05 16:11:35: Error
2019-11-05 16:11:35:     at Server.http.createServer (H:\nodejs\pm2-demo\app.js:8:14)
2019-11-05 16:11:35:     at emitTwo (events.js:126:13)
2019-11-05 16:11:35:     at Server.emit (events.js:214:7)
2019-11-05 16:11:35:     at Server.<anonymous> (C:\Users\liule\AppData\Roaming\npm\node_modules\pm2\node_modules\@pm2\io\build\main\metrics\httpMetrics.js:166:33)
2019-11-05 16:11:35:     at parserOnIncoming (_http_server.js:602:12)
2019-11-05 16:11:35:     at HTTPParser.parserOnHeadersComplete (_http_common.js:117:23)
2019-11-05 16:11:91: Error
2019-11-05 16:11:91:     at Server.http.createServer (H:\nodejs\pm2-demo\app.js:8:14)
2019-11-05 16:11:91:     at emitTwo (events.js:126:13)
2019-11-05 16:11:91:     at Server.emit (events.js:214:7)
2019-11-05 16:11:91:     at Server.<anonymous> (C:\Users\liule\AppData\Roaming\npm\node_modules\pm2\node_modules\@pm2\io\build\main\metrics\httpMetrics.js:166:33)
2019-11-05 16:11:91:     at parserOnIncoming (_http_server.js:602:12)
2019-11-05 16:11:91:     at HTTPParser.parserOnHeadersComplete (_http_common.js:117:23)
2019-11-05 16:11:58: Error
2019-11-05 16:11:58:     at Server.http.createServer (H:\nodejs\pm2-demo\app.js:8:14)
2019-11-05 16:11:58:     at emitTwo (events.js:126:13)
2019-11-05 16:11:58:     at Server.emit (events.js:214:7)
2019-11-05 16:11:58:     at Server.<anonymous> (C:\Users\liule\AppData\Roaming\npm\node_modules\pm2\node_modules\@pm2\io\build\main\metrics\httpMetrics.js:166:33)
2019-11-05 16:11:58:     at parserOnIncoming (_http_server.js:602:12)
2019-11-05 16:11:58:     at HTTPParser.parserOnHeadersComplete (_http_common.js:117:23)
2019-11-05 16:11:09: Error
2019-11-05 16:11:09:     at Server.http.createServer (H:\nodejs\pm2-demo\app.js:8:14)
2019-11-05 16:11:09:     at emitTwo (events.js:126:13)
2019-11-05 16:11:09:     at Server.emit (events.js:214:7)
2019-11-05 16:11:09:     at Server.<anonymous> (C:\Users\liule\AppData\Roaming\npm\node_modules\pm2\node_modules\@pm2\io\build\main\metrics\httpMetrics.js:166:33)
2019-11-05 16:11:09:     at parserOnIncoming (_http_server.js:602:12)
2019-11-05 16:11:09:     at HTTPParser.parserOnHeadersComplete (_http_common.js:117:23)
2019-11-05 16:11:64: Error
2019-11-05 16:11:64:     at Server.http.createServer (H:\nodejs\pm2-demo\app.js:8:14)
2019-11-05 16:11:64:     at emitTwo (events.js:126:13)
2019-11-05 16:11:64:     at Server.emit (events.js:214:7)
2019-11-05 16:11:64:     at Server.<anonymous> (C:\Users\liule\AppData\Roaming\npm\node_modules\pm2\node_modules\@pm2\io\build\main\metrics\httpMetrics.js:166:33)
2019-11-05 16:11:64:     at parserOnIncoming (_http_server.js:602:12)
2019-11-05 16:11:64:     at HTTPParser.parserOnHeadersComplete (_http_common.js:117:23)
2019-11-05 16:11:67: Error
2019-11-05 16:11:67:     at Server.http.createServer (H:\nodejs\pm2-demo\app.js:8:14)
2019-11-05 16:11:67:     at emitTwo (events.js:126:13)
2019-11-05 16:11:67:     at Server.emit (events.js:214:7)
2019-11-05 16:11:67:     at Server.<anonymous> (C:\Users\liule\AppData\Roaming\npm\node_modules\pm2\node_modules\@pm2\io\build\main\metrics\httpMetrics.js:166:33)
2019-11-05 16:11:67:     at parserOnIncoming (_http_server.js:602:12)
2019-11-05 16:11:67:     at HTTPParser.parserOnHeadersComplete (_http_common.js:117:23)
2019-11-05 16:11:18: Error
2019-11-05 16:11:18:     at Server.http.createServer (H:\nodejs\pm2-demo\app.js:8:14)
2019-11-05 16:11:18:     at emitTwo (events.js:126:13)
2019-11-05 16:11:18:     at Server.emit (events.js:214:7)
2019-11-05 16:11:18:     at Server.<anonymous> (C:\Users\liule\AppData\Roaming\npm\node_modules\pm2\node_modules\@pm2\io\build\main\metrics\httpMetrics.js:166:33)
2019-11-05 16:11:18:     at parserOnIncoming (_http_server.js:602:12)
2019-11-05 16:11:18:     at HTTPParser.parserOnHeadersComplete (_http_common.js:117:23)
2019-11-05 16:11:68: MOCK ERROR
2019-11-05 16:11:21: MOCK ERROR
2019-11-05 16:11:30: MOCK ERROR
2019-11-05 16:11:45: MOCK ERROR
